c:\qt\vsprojects\client_server\client\debug\vc142.pdb
c:\qt\vsprojects\client_server\client\debug\qrc_client.obj
c:\qt\vsprojects\client_server\client\debug\main.obj
c:\qt\vsprojects\client_server\client\debug\client.obj
c:\qt\vsprojects\client_server\client\debug\moc_client.obj
c:\qt\vsprojects\client_server\client\debug\uic\ui_client.h
c:\qt\vsprojects\client_server\client\debug\rcc\qrc_client.cpp
c:\qt\vsprojects\client_server\client\debug\moc\moc_client.cpp
c:\qt\vsprojects\client_server\debug\client.pdb
c:\qt\vsprojects\client_server\client\debug\client.tlog\cl.command.1.tlog
c:\qt\vsprojects\client_server\client\debug\client.tlog\cl.read.1.tlog
c:\qt\vsprojects\client_server\client\debug\client.tlog\cl.write.1.tlog
c:\qt\vsprojects\client_server\client\debug\client.tlog\client.write.1u.tlog
c:\qt\vsprojects\client_server\client\debug\client.tlog\link-cvtres.read.1.tlog
c:\qt\vsprojects\client_server\client\debug\client.tlog\link-cvtres.write.1.tlog
c:\qt\vsprojects\client_server\client\debug\client.tlog\link-rc.read.1.tlog
c:\qt\vsprojects\client_server\client\debug\client.tlog\link-rc.write.1.tlog
c:\qt\vsprojects\client_server\client\debug\client.tlog\link.command.1.tlog
c:\qt\vsprojects\client_server\client\debug\client.tlog\link.read.1.tlog
c:\qt\vsprojects\client_server\client\debug\client.tlog\link.write.1.tlog
c:\qt\vsprojects\client_server\client\debug\client.tlog\moc.read.1u.tlog
c:\qt\vsprojects\client_server\client\debug\client.tlog\moc.write.1u.tlog
c:\qt\vsprojects\client_server\client\debug\client.tlog\rcc.read.1u.tlog
c:\qt\vsprojects\client_server\client\debug\client.tlog\rcc.write.1u.tlog
c:\qt\vsprojects\client_server\client\debug\client.tlog\uic.read.1u.tlog
c:\qt\vsprojects\client_server\client\debug\client.tlog\uic.write.1u.tlog
